INFO:sim:172 - Generating IP...
Resolving generics for 'begin_background'...
Applying external generics to 'begin_background'...
Delivering associated files for 'begin_background'...
Delivering EJava files for 'begin_background'...
Generating implementation netlist for 'begin_background'...
INFO:sim - Pre-processing HDL files for 'begin_background'...
Running synthesis for 'begin_background'
Running ngcbuild...
Writing VEO instantiation template for 'begin_background'...
Writing Verilog behavioral simulation model for 'begin_background'...
WARNING:sim - Overwriting existing file
   D:/FINAL_PROJECT/ipcore_dir/tmp/_cg/begin_background/doc/blk_mem_gen_v7_3_vin
   fo.html with file from view xilinx_documentation
Delivered 1 file into directory
D:/FINAL_PROJECT/ipcore_dir/tmp/_cg/begin_background
Generating ASY schematic symbol...
INFO:sim:949 - Finished generation of ASY schematic symbol.
Generating SYM schematic symbol for 'begin_background'...
Generating metadata file...
Generating ISE project file for 'begin_background'...
Generating ISE project...
XCO file found: begin_background.xco
XMDF file found: begin_background_xmdf.tcl
Adding D:/FINAL_PROJECT/ipcore_dir/tmp/_cg/begin_background.asy -view all
-origin_type imported
Adding D:/FINAL_PROJECT/ipcore_dir/tmp/_cg/begin_background.ngc -view all
-origin_type created
Checking file "D:/FINAL_PROJECT/ipcore_dir/tmp/_cg/begin_background.ngc" for
project device match ...
File "D:/FINAL_PROJECT/ipcore_dir/tmp/_cg/begin_background.ngc" device
information matches project device.
Adding D:/FINAL_PROJECT/ipcore_dir/tmp/_cg/begin_background.sym -view all
-origin_type imported
Adding D:/FINAL_PROJECT/ipcore_dir/tmp/_cg/begin_background.v -view all
-origin_type created
INFO:HDLCompiler:1845 - Analyzing Verilog file
   "D:/FINAL_PROJECT/ipcore_dir/tmp/_cg/begin_background.v" into library work
INFO:ProjectMgmt - Parsing design hierarchy completed successfully.
Adding D:/FINAL_PROJECT/ipcore_dir/tmp/_cg/begin_background.veo -view all
-origin_type imported
INFO:TclTasksC:2116 - The automatic calculation of top has been turned-off.
   Please set the new top explicitly by running the "project set top" command.
   To re-calculate the new top automatically, set the "Auto Implementation Top"
   property to true.
Top level has been set to "/begin_background"
Generating README file...
Generating FLIST file...
INFO:sim:948 - Finished FLIST file generation.
Launching README viewer...
Moving files to output directory...
Finished moving files to output directory
Wrote CGP file for project 'begin_background'.
