Release 14.7 Map P.20131013 (nt64)
Xilinx Mapping Report File for Design 'top'

Design Information
------------------
Command Line   : map -intstyle ise -p xc7k160t-fbg676-1 -w -logic_opt off -ol
high -t 1 -xt 0 -register_duplication off -r 4 -mt off -ir off -pr off -lc off
-power off -o top_map.ncd top.ngd top.pcf 
Target Device  : xc7k160t
Target Package : fbg676
Target Speed   : -1
Mapper Version : kintex7 -- $Revision: 1.55 $
Mapped Date    : Sat Jan 06 09:54:43 2024

Design Summary
--------------
Number of errors:      0
Number of warnings:    1
Slice Logic Utilization:
  Number of Slice Registers:                   555 out of 202,800    1%
    Number used as Flip Flops:                 543
    Number used as Latches:                     12
    Number used as Latch-thrus:                  0
    Number used as AND/OR logics:                0
  Number of Slice LUTs:                      2,715 out of 101,400    2%
    Number used as logic:                    2,706 out of 101,400    2%
      Number using O6 output only:           1,746
      Number using O5 output only:              86
      Number using O5 and O6:                  874
      Number used as ROM:                        0
    Number used as Memory:                       1 out of  35,000    1%
      Number used as Dual Port RAM:              0
      Number used as Single Port RAM:            0
      Number used as Shift Register:             1
        Number using O6 output only:             1
        Number using O5 output only:             0
        Number using O5 and O6:                  0
    Number used exclusively as route-thrus:      8
      Number with same-slice register load:      0
      Number with same-slice carry load:         8
      Number with other load:                    0

Slice Logic Distribution:
  Number of occupied Slices:                 1,175 out of  25,350    4%
  Number of LUT Flip Flop pairs used:        2,802
    Number with an unused Flip Flop:         2,256 out of   2,802   80%
    Number with an unused LUT:                  87 out of   2,802    3%
    Number of fully used LUT-FF pairs:         459 out of   2,802   16%
    Number of unique control sets:              39
    Number of slice register sites lost
      to control set restrictions:             212 out of 202,800    1%

  A LUT Flip Flop pair for this architecture represents one LUT paired with
  one Flip Flop within a slice.  A control set is a unique combination of
  clock, reset, set, and enable signals for a registered element.
  The Slice Logic Distribution report is not meaningful if the design is
  over-mapped for a non-slice resource or if Placement fails.
  OVERMAPPING of BRAM resources should be ignored if the design is
  over-mapped for a non-BRAM resource or if placement fails.

IO Utilization:
  Number of bonded IOBs:                        22 out of     400    5%
    Number of LOCed IOBs:                       22 out of      22  100%

Specific Feature Utilization:
  Number of RAMB36E1/FIFO36E1s:                314 out of     325   96%
    Number using RAMB36E1 only:                314
    Number using FIFO36E1 only:                  0
  Number of RAMB18E1/FIFO18E1s:                 13 out of     650    2%
    Number using RAMB18E1 only:                 13
    Number using FIFO18E1 only:                  0
  Number of BUFG/BUFGCTRLs:                      3 out of      32    9%
    Number used as BUFGs:                        3
    Number used as BUFGCTRLs:                    0
  Number of IDELAYE2/IDELAYE2_FINEDELAYs:        0 out of     400    0%
  Number of ILOGICE2/ILOGICE3/ISERDESE2s:        0 out of     400    0%
  Number of ODELAYE2/ODELAYE2_FINEDELAYs:        0 out of     150    0%
  Number of OLOGICE2/OLOGICE3/OSERDESE2s:        0 out of     400    0%
  Number of PHASER_IN/PHASER_IN_PHYs:            0 out of      32    0%
  Number of PHASER_OUT/PHASER_OUT_PHYs:          0 out of      32    0%
  Number of BSCANs:                              0 out of       4    0%
  Number of BUFHCEs:                             0 out of     120    0%
  Number of BUFRs:                               0 out of      32    0%
  Number of CAPTUREs:                            0 out of       1    0%
  Number of DNA_PORTs:                           0 out of       1    0%
  Number of DSP48E1s:                           12 out of     600    2%
  Number of EFUSE_USRs:                          0 out of       1    0%
  Number of FRAME_ECCs:                          0 out of       1    0%
  Number of GTXE2_CHANNELs:                      0 out of       8    0%
  Number of GTXE2_COMMONs:                       0 out of       2    0%
  Number of IBUFDS_GTE2s:                        0 out of       4    0%
  Number of ICAPs:                               0 out of       2    0%
  Number of IDELAYCTRLs:                         0 out of       8    0%
  Number of IN_FIFOs:                            0 out of      32    0%
  Number of MMCME2_ADVs:                         0 out of       8    0%
  Number of OUT_FIFOs:                           0 out of      32    0%
  Number of PCIE_2_1s:                           0 out of       1    0%
  Number of PHASER_REFs:                         0 out of       8    0%
  Number of PHY_CONTROLs:                        0 out of       8    0%
  Number of PLLE2_ADVs:                          0 out of       8    0%
  Number of STARTUPs:                            0 out of       1    0%
  Number of XADCs:                               0 out of       1    0%

Average Fanout of Non-Clock Nets:                4.04

Peak Memory Usage:  5280 MB
Total REAL time to MAP completion:  1 mins 2 secs 
Total CPU time to MAP completion:   1 mins 2 secs 

Table of Contents
-----------------
Section 1 - Errors
Section 2 - Warnings
Section 3 - Informational
Section 4 - Removed Logic Summary
Section 5 - Removed Logic
Section 6 - IOB Properties
Section 7 - RPMs
Section 8 - Guide Report
Section 9 - Area Group and Partition Summary
Section 10 - Timing Report
Section 11 - Configuration String Information
Section 12 - Control Set Information
Section 13 - Utilization by Hierarchy

Section 1 - Errors
------------------

Section 2 - Warnings
--------------------
WARNING:PhysDesignRules:372 - Gated clock. Clock net
   col_addr[9]_GND_1_o_MUX_4543_o is sourced by a combinatorial pin. This is not
   good design practice. Use the CE pin to control the loading of data into the
   flip-flop.

Section 3 - Informational
-------------------------
INFO:LIT:243 - Logical network rstn_IBUF has no load.
INFO:Pack:1716 - Initializing temperature to 85.000 Celsius. (default - Range:
   0.000 to 85.000 Celsius)
INFO:Pack:1720 - Initializing voltage to 0.970 Volts. (default - Range: 0.970 to
   1.030 Volts)
INFO:Map:215 - The Interim Design Summary has been generated in the MAP Report
   (.mrp).
INFO:Pack:1650 - Map created a placed design.

Section 4 - Removed Logic Summary
---------------------------------
   5 block(s) removed
  28 block(s) optimized away

Section 5 - Removed Logic
-------------------------

The trimmed logic report below shows the logic removed from your design due to
sourceless or loadless signals, and VCC or ground connections.  If the removal
of a signal or symbol results in the subsequent removal of an additional signal
or symbol, the message explaining that second removal will be indented.  This
indentation will be repeated as a chain of related logic is removed.

To quickly locate the original cause for the removal of a chain of logic, look
above the place where that logic is listed in the trimming report, then locate
the lines that are least indented (begin at the leftmost edge).

Loadless block "Madd_GND_1_o_GND_1_o_add_301_OUT_Madd9" (ROM) removed.
Loadless block "Madd_GND_1_o_GND_1_o_add_313_OUT_Madd8" (ROM) removed.
Loadless block "Madd_GND_1_o_GND_1_o_add_325_OUT_Madd8" (ROM) removed.
Loadless block "Madd_GND_1_o_GND_1_o_add_337_OUT_Madd8" (ROM) removed.
Loadless block "Madd_GND_1_o_GND_1_o_add_349_OUT_Madd8" (ROM) removed.

Optimized Block(s):
TYPE 		BLOCK
GND 		XST_GND
VCC 		XST_VCC
GND 		a1/XST_GND
VCC 		a1/XST_VCC
GND 		a10/XST_GND
VCC 		a10/XST_VCC
GND 		a11/XST_GND
VCC 		a11/XST_VCC
GND 		a12/XST_GND
VCC 		a12/XST_VCC
GND 		a13/XST_GND
VCC 		a13/XST_VCC
GND 		a2/XST_GND
VCC 		a2/XST_VCC
GND 		a3/XST_GND
VCC 		a3/XST_VCC
GND 		a4/XST_GND
VCC 		a4/XST_VCC
GND 		a5/XST_GND
VCC 		a5/XST_VCC
GND 		a6/XST_GND
VCC 		a6/XST_VCC
GND 		a7/XST_GND
VCC 		a7/XST_VCC
GND 		a8/XST_GND
VCC 		a8/XST_VCC
GND 		a9/XST_GND
VCC 		a9/XST_VCC

To enable printing of redundant blocks removed and signals merged, set the
detailed map report option and rerun map.

Section 6 - IOB Properties
--------------------------

+---------------------------------------------------------------------------------------------------------------------------------------------------------+
| IOB Name                           | Type             | Direction | IO Standard          | Diff  | Drive    | Slew | Reg (s)      | Resistor | IOB      |
|                                    |                  |           |                      | Term  | Strength | Rate |              |          | Delay    |
+---------------------------------------------------------------------------------------------------------------------------------------------------------+
| SEGLED_CLK                         | IOB33            | OUTPUT    | LVCMOS33             |       | 12       | SLOW |              |          |          |
| SEGLED_CLR                         | IOB33            | OUTPUT    | LVCMOS33             |       | 12       | SLOW |              |          |          |
| SEGLED_DO                          | IOB33            | OUTPUT    | LVCMOS33             |       | 12       | SLOW |              |          |          |
| SEGLED_PEN                         | IOB33            | OUTPUT    | LVCMOS33             |       | 12       | SLOW |              |          |          |
| b<0>                               | IOB33            | OUTPUT    | LVCMOS33             |       | 12       | FAST |              |          |          |
| b<1>                               | IOB33            | OUTPUT    | LVCMOS33             |       | 12       | FAST |              |          |          |
| b<2>                               | IOB33            | OUTPUT    | LVCMOS33             |       | 12       | FAST |              |          |          |
| b<3>                               | IOB33            | OUTPUT    | LVCMOS33             |       | 12       | FAST |              |          |          |
| clk                                | IOB              | INPUT     | LVCMOS18             |       |          |      |              |          |          |
| g<0>                               | IOB33            | OUTPUT    | LVCMOS33             |       | 12       | FAST |              |          |          |
| g<1>                               | IOB33            | OUTPUT    | LVCMOS33             |       | 12       | FAST |              |          |          |
| g<2>                               | IOB33            | OUTPUT    | LVCMOS33             |       | 12       | FAST |              |          |          |
| g<3>                               | IOB33            | OUTPUT    | LVCMOS33             |       | 12       | FAST |              |          |          |
| hs                                 | IOB33            | OUTPUT    | LVCMOS33             |       | 12       | FAST |              |          |          |
| ps2_clk                            | IOB33            | INPUT     | LVCMOS33             |       |          |      |              | PULLUP   |          |
| ps2_data                           | IOB33            | INPUT     | LVCMOS33             |       |          |      |              | PULLUP   |          |
| r<0>                               | IOB33            | OUTPUT    | LVCMOS33             |       | 12       | FAST |              |          |          |
| r<1>                               | IOB33            | OUTPUT    | LVCMOS33             |       | 12       | FAST |              |          |          |
| r<2>                               | IOB33            | OUTPUT    | LVCMOS33             |       | 12       | FAST |              |          |          |
| r<3>                               | IOB33            | OUTPUT    | LVCMOS33             |       | 12       | FAST |              |          |          |
| rstn                               | IOB              | INPUT     | LVCMOS18             |       |          |      |              |          |          |
| vs                                 | IOB33            | OUTPUT    | LVCMOS33             |       | 12       | FAST |              |          |          |
+---------------------------------------------------------------------------------------------------------------------------------------------------------+

Section 7 - RPMs
----------------

Section 8 - Guide Report
------------------------
Guide not run on this design.

Section 9 - Area Group and Partition Summary
--------------------------------------------

Partition Implementation Status
-------------------------------

  No Partitions were found in this design.

-------------------------------

Area Group Information
----------------------

  No area groups were found in this design.

----------------------

Section 10 - Timing Report
--------------------------
A logic-level (pre-route) timing report can be generated by using Xilinx static
timing analysis tools, Timing Analyzer (GUI) or TRCE (command line), with the
mapped NCD and PCF files. Please note that this timing report will be generated
using estimated delay information. For accurate numbers, please generate a
timing report with the post Place and Route NCD file.

For more information about the Timing Analyzer, consult the Xilinx Timing
Analyzer Reference Manual; for more information about TRCE, consult the Xilinx
Command Line Tools User Guide "TRACE" chapter.

Section 11 - Configuration String Details
-----------------------------------------
Use the "-detail" map option to print out Configuration Strings

Section 12 - Control Set Information
------------------------------------
Use the "-detail" map option to print out Control Set Information.

Section 13 - Utilization by Hierarchy
-------------------------------------
Use the "-detail" map option to print out the Utilization by Hierarchy section.
